[2013-04-17 10:21:52] request.ERROR: Uncaught PHP Exception Symfony\Component\HttpKernel\Exception\NotFoundHttpException: "No route found for "GET /bundles/framework/images/input_bg.gif"" at /home/edu/Proyectos/miproyecto/Symfony/app/cache/prod/classes.php line 3597 [] []
[2013-04-17 10:22:10] request.ERROR: Uncaught PHP Exception Symfony\Component\HttpKernel\Exception\NotFoundHttpException: "No route found for "GET /bundles/framework/images/input_bg.gif"" at /home/edu/Proyectos/miproyecto/Symfony/app/cache/prod/classes.php line 3597 [] []
[2013-04-17 10:32:39] request.INFO: Matched route "persona_homepage" (parameters: "_controller": "Gestor\PersonaBundle\Controller\DefaultController::indexAction", "name": "hola", "_route": "persona_homepage") [] []
[2013-04-17 10:32:39] request.CRITICAL: Uncaught PHP Exception Doctrine\ORM\Mapping\MappingException: "Class "Gestor\PersonaBundle\Entity\Persona" is not a valid entity or mapped super class." at /home/edu/Proyectos/miproyecto/Symfony/vendor/doctrine/orm/lib/Doctrine/ORM/Mapping/MappingException.php line 216 [] []
[2013-04-17 10:32:45] request.INFO: Matched route "persona_homepage" (parameters: "_controller": "Gestor\PersonaBundle\Controller\DefaultController::indexAction", "name": "hola", "_route": "persona_homepage") [] []
[2013-04-17 10:32:45] request.CRITICAL: Uncaught PHP Exception Doctrine\ORM\Mapping\MappingException: "Class "Gestor\PersonaBundle\Entity\Persona" is not a valid entity or mapped super class." at /home/edu/Proyectos/miproyecto/Symfony/vendor/doctrine/orm/lib/Doctrine/ORM/Mapping/MappingException.php line 216 [] []
[2013-04-17 10:32:50] request.ERROR: Uncaught PHP Exception Symfony\Component\HttpKernel\Exception\NotFoundHttpException: "No route found for "GET /hello/"" at /home/edu/Proyectos/miproyecto/Symfony/app/cache/prod/classes.php line 3597 [] []
[2013-04-17 10:33:09] request.ERROR: Uncaught PHP Exception Symfony\Component\HttpKernel\Exception\NotFoundHttpException: "No route found for "GET /hello/"" at /home/edu/Proyectos/miproyecto/Symfony/app/cache/prod/classes.php line 3597 [] []
[2013-04-17 10:33:28] request.INFO: Matched route "persona_homepage" (parameters: "_controller": "Gestor\PersonaBundle\Controller\DefaultController::indexAction", "name": "asdfs", "_route": "persona_homepage") [] []
[2013-04-17 10:33:28] request.CRITICAL: Uncaught PHP Exception Doctrine\ORM\Mapping\MappingException: "Class "Gestor\PersonaBundle\Entity\Persona" is not a valid entity or mapped super class." at /home/edu/Proyectos/miproyecto/Symfony/vendor/doctrine/orm/lib/Doctrine/ORM/Mapping/MappingException.php line 216 [] []
[2013-04-17 10:35:10] request.INFO: Matched route "persona_homepage" (parameters: "_controller": "Gestor\PersonaBundle\Controller\DefaultController::indexAction", "name": "asdfs", "_route": "persona_homepage") [] []
[2013-04-17 10:35:10] request.CRITICAL: Uncaught PHP Exception Doctrine\ORM\Mapping\MappingException: "Class "Gestor\PersonaBundle\Entity\Persona" is not a valid entity or mapped super class." at /home/edu/Proyectos/miproyecto/Symfony/vendor/doctrine/orm/lib/Doctrine/ORM/Mapping/MappingException.php line 216 [] []
[2013-04-17 10:35:55] request.INFO: Matched route "persona_homepage" (parameters: "_controller": "Gestor\PersonaBundle\Controller\DefaultController::indexAction", "name": "asdfs", "_route": "persona_homepage") [] []
[2013-04-17 10:35:55] request.CRITICAL: Uncaught PHP Exception Doctrine\ORM\Mapping\MappingException: "Class "Gestor\PersonaBundle\Entity\Persona" is not a valid entity or mapped super class." at /home/edu/Proyectos/miproyecto/Symfony/vendor/doctrine/orm/lib/Doctrine/ORM/Mapping/MappingException.php line 216 [] []
[2013-04-17 10:35:56] request.INFO: Matched route "persona_homepage" (parameters: "_controller": "Gestor\PersonaBundle\Controller\DefaultController::indexAction", "name": "asdfs", "_route": "persona_homepage") [] []
[2013-04-17 10:35:56] request.CRITICAL: Uncaught PHP Exception Doctrine\ORM\Mapping\MappingException: "Class "Gestor\PersonaBundle\Entity\Persona" is not a valid entity or mapped super class." at /home/edu/Proyectos/miproyecto/Symfony/vendor/doctrine/orm/lib/Doctrine/ORM/Mapping/MappingException.php line 216 [] []
[2013-04-17 10:35:57] request.INFO: Matched route "persona_homepage" (parameters: "_controller": "Gestor\PersonaBundle\Controller\DefaultController::indexAction", "name": "asdfs", "_route": "persona_homepage") [] []
[2013-04-17 10:35:57] request.CRITICAL: Uncaught PHP Exception Doctrine\ORM\Mapping\MappingException: "Class "Gestor\PersonaBundle\Entity\Persona" is not a valid entity or mapped super class." at /home/edu/Proyectos/miproyecto/Symfony/vendor/doctrine/orm/lib/Doctrine/ORM/Mapping/MappingException.php line 216 [] []
[2013-04-17 10:35:59] request.INFO: Matched route "persona_homepage" (parameters: "_controller": "Gestor\PersonaBundle\Controller\DefaultController::indexAction", "name": "asdf", "_route": "persona_homepage") [] []
[2013-04-17 10:35:59] request.CRITICAL: Uncaught PHP Exception Doctrine\ORM\Mapping\MappingException: "Class "Gestor\PersonaBundle\Entity\Persona" is not a valid entity or mapped super class." at /home/edu/Proyectos/miproyecto/Symfony/vendor/doctrine/orm/lib/Doctrine/ORM/Mapping/MappingException.php line 216 [] []
[2013-04-17 10:36:11] request.INFO: Matched route "persona_homepage" (parameters: "_controller": "Gestor\PersonaBundle\Controller\DefaultController::indexAction", "name": "asdf", "_route": "persona_homepage") [] []
[2013-04-17 10:36:11] request.CRITICAL: Uncaught PHP Exception Doctrine\ORM\Mapping\MappingException: "Class "Gestor\PersonaBundle\Entity\Persona" is not a valid entity or mapped super class." at /home/edu/Proyectos/miproyecto/Symfony/vendor/doctrine/orm/lib/Doctrine/ORM/Mapping/MappingException.php line 216 [] []
[2013-04-17 10:36:11] request.INFO: Matched route "persona_homepage" (parameters: "_controller": "Gestor\PersonaBundle\Controller\DefaultController::indexAction", "name": "asdf", "_route": "persona_homepage") [] []
[2013-04-17 10:36:11] request.CRITICAL: Uncaught PHP Exception Doctrine\ORM\Mapping\MappingException: "Class "Gestor\PersonaBundle\Entity\Persona" is not a valid entity or mapped super class." at /home/edu/Proyectos/miproyecto/Symfony/vendor/doctrine/orm/lib/Doctrine/ORM/Mapping/MappingException.php line 216 [] []
[2013-04-17 10:36:16] request.INFO: Matched route "persona_homepage" (parameters: "_controller": "Gestor\PersonaBundle\Controller\DefaultController::indexAction", "name": "asdf", "_route": "persona_homepage") [] []
[2013-04-17 10:36:16] request.CRITICAL: Uncaught PHP Exception Doctrine\ORM\Mapping\MappingException: "Class "Gestor\PersonaBundle\Entity\Persona" is not a valid entity or mapped super class." at /home/edu/Proyectos/miproyecto/Symfony/vendor/doctrine/orm/lib/Doctrine/ORM/Mapping/MappingException.php line 216 [] []
[2013-04-17 10:36:31] request.INFO: Matched route "persona_homepage" (parameters: "_controller": "Gestor\PersonaBundle\Controller\DefaultController::indexAction", "name": "asdf", "_route": "persona_homepage") [] []
[2013-04-17 10:36:31] request.CRITICAL: Uncaught PHP Exception Doctrine\ORM\Mapping\MappingException: "Class "Gestor\PersonaBundle\Entity\Persona" is not a valid entity or mapped super class." at /home/edu/Proyectos/miproyecto/Symfony/vendor/doctrine/orm/lib/Doctrine/ORM/Mapping/MappingException.php line 216 [] []
[2013-04-17 10:36:32] request.INFO: Matched route "persona_homepage" (parameters: "_controller": "Gestor\PersonaBundle\Controller\DefaultController::indexAction", "name": "asdf", "_route": "persona_homepage") [] []
[2013-04-17 10:36:32] request.CRITICAL: Uncaught PHP Exception Doctrine\ORM\Mapping\MappingException: "Class "Gestor\PersonaBundle\Entity\Persona" is not a valid entity or mapped super class." at /home/edu/Proyectos/miproyecto/Symfony/vendor/doctrine/orm/lib/Doctrine/ORM/Mapping/MappingException.php line 216 [] []
[2013-04-17 10:36:32] request.INFO: Matched route "persona_homepage" (parameters: "_controller": "Gestor\PersonaBundle\Controller\DefaultController::indexAction", "name": "asdf", "_route": "persona_homepage") [] []
[2013-04-17 10:36:32] request.CRITICAL: Uncaught PHP Exception Doctrine\ORM\Mapping\MappingException: "Class "Gestor\PersonaBundle\Entity\Persona" is not a valid entity or mapped super class." at /home/edu/Proyectos/miproyecto/Symfony/vendor/doctrine/orm/lib/Doctrine/ORM/Mapping/MappingException.php line 216 [] []
[2013-04-17 10:38:27] request.INFO: Matched route "persona_homepage" (parameters: "_controller": "Gestor\PersonaBundle\Controller\DefaultController::indexAction", "name": "asdf", "_route": "persona_homepage") [] []
[2013-04-17 10:38:27] request.CRITICAL: Uncaught PHP Exception Doctrine\ORM\Mapping\MappingException: "Class "Gestor\PersonaBundle\Entity\Persona" is not a valid entity or mapped super class." at /home/edu/Proyectos/miproyecto/Symfony/vendor/doctrine/orm/lib/Doctrine/ORM/Mapping/MappingException.php line 216 [] []
[2013-04-17 10:38:28] request.INFO: Matched route "persona_homepage" (parameters: "_controller": "Gestor\PersonaBundle\Controller\DefaultController::indexAction", "name": "asdf", "_route": "persona_homepage") [] []
[2013-04-17 10:38:28] request.CRITICAL: Uncaught PHP Exception Doctrine\ORM\Mapping\MappingException: "Class "Gestor\PersonaBundle\Entity\Persona" is not a valid entity or mapped super class." at /home/edu/Proyectos/miproyecto/Symfony/vendor/doctrine/orm/lib/Doctrine/ORM/Mapping/MappingException.php line 216 [] []
[2013-04-17 10:38:28] request.INFO: Matched route "persona_homepage" (parameters: "_controller": "Gestor\PersonaBundle\Controller\DefaultController::indexAction", "name": "asdf", "_route": "persona_homepage") [] []
[2013-04-17 10:38:28] request.CRITICAL: Uncaught PHP Exception Doctrine\ORM\Mapping\MappingException: "Class "Gestor\PersonaBundle\Entity\Persona" is not a valid entity or mapped super class." at /home/edu/Proyectos/miproyecto/Symfony/vendor/doctrine/orm/lib/Doctrine/ORM/Mapping/MappingException.php line 216 [] []
[2013-04-17 10:38:28] request.INFO: Matched route "persona_homepage" (parameters: "_controller": "Gestor\PersonaBundle\Controller\DefaultController::indexAction", "name": "asdf", "_route": "persona_homepage") [] []
[2013-04-17 10:38:28] request.CRITICAL: Uncaught PHP Exception Doctrine\ORM\Mapping\MappingException: "Class "Gestor\PersonaBundle\Entity\Persona" is not a valid entity or mapped super class." at /home/edu/Proyectos/miproyecto/Symfony/vendor/doctrine/orm/lib/Doctrine/ORM/Mapping/MappingException.php line 216 [] []
[2013-04-17 10:38:29] request.ERROR: Uncaught PHP Exception Symfony\Component\HttpKernel\Exception\NotFoundHttpException: "No route found for "GET /hello/"" at /home/edu/Proyectos/miproyecto/Symfony/app/cache/prod/classes.php line 3597 [] []
[2013-04-17 10:38:40] request.ERROR: Uncaught PHP Exception Symfony\Component\HttpKernel\Exception\NotFoundHttpException: "No route found for "GET /hello/"" at /home/edu/Proyectos/miproyecto/Symfony/app/cache/prod/classes.php line 3597 [] []
[2013-04-17 10:38:40] request.ERROR: Uncaught PHP Exception Symfony\Component\HttpKernel\Exception\NotFoundHttpException: "No route found for "GET /hello/"" at /home/edu/Proyectos/miproyecto/Symfony/app/cache/prod/classes.php line 3597 [] []
[2013-04-17 10:38:43] request.ERROR: Uncaught PHP Exception Symfony\Component\HttpKernel\Exception\NotFoundHttpException: "No route found for "GET /hello/"" at /home/edu/Proyectos/miproyecto/Symfony/app/cache/prod/classes.php line 3597 [] []
[2013-04-17 10:38:44] request.ERROR: Uncaught PHP Exception Symfony\Component\HttpKernel\Exception\NotFoundHttpException: "No route found for "GET /hello/"" at /home/edu/Proyectos/miproyecto/Symfony/app/cache/prod/classes.php line 3597 [] []
[2013-04-17 10:38:44] request.ERROR: Uncaught PHP Exception Symfony\Component\HttpKernel\Exception\NotFoundHttpException: "No route found for "GET /hello/"" at /home/edu/Proyectos/miproyecto/Symfony/app/cache/prod/classes.php line 3597 [] []
[2013-04-17 10:38:44] request.ERROR: Uncaught PHP Exception Symfony\Component\HttpKernel\Exception\NotFoundHttpException: "No route found for "GET /hello/"" at /home/edu/Proyectos/miproyecto/Symfony/app/cache/prod/classes.php line 3597 [] []
[2013-04-17 10:38:45] request.ERROR: Uncaught PHP Exception Symfony\Component\HttpKernel\Exception\NotFoundHttpException: "No route found for "GET /hello/"" at /home/edu/Proyectos/miproyecto/Symfony/app/cache/prod/classes.php line 3597 [] []
[2013-04-17 10:38:55] request.ERROR: Uncaught PHP Exception Symfony\Component\HttpKernel\Exception\NotFoundHttpException: "No route found for "GET /hello/"" at /home/edu/Proyectos/miproyecto/Symfony/app/cache/prod/classes.php line 3597 [] []
[2013-04-17 10:38:55] request.ERROR: Uncaught PHP Exception Symfony\Component\HttpKernel\Exception\NotFoundHttpException: "No route found for "GET /hello/"" at /home/edu/Proyectos/miproyecto/Symfony/app/cache/prod/classes.php line 3597 [] []
[2013-04-17 10:38:55] request.ERROR: Uncaught PHP Exception Symfony\Component\HttpKernel\Exception\NotFoundHttpException: "No route found for "GET /hello/"" at /home/edu/Proyectos/miproyecto/Symfony/app/cache/prod/classes.php line 3597 [] []
[2013-04-17 10:38:56] request.ERROR: Uncaught PHP Exception Symfony\Component\HttpKernel\Exception\NotFoundHttpException: "No route found for "GET /hello/"" at /home/edu/Proyectos/miproyecto/Symfony/app/cache/prod/classes.php line 3597 [] []
[2013-04-17 10:38:56] request.ERROR: Uncaught PHP Exception Symfony\Component\HttpKernel\Exception\NotFoundHttpException: "No route found for "GET /hello/"" at /home/edu/Proyectos/miproyecto/Symfony/app/cache/prod/classes.php line 3597 [] []
[2013-04-17 10:39:05] request.ERROR: Uncaught PHP Exception Symfony\Component\HttpKernel\Exception\NotFoundHttpException: "No route found for "GET /hello/"" at /home/edu/Proyectos/miproyecto/Symfony/app/cache/prod/classes.php line 3597 [] []
[2013-04-17 10:39:06] request.ERROR: Uncaught PHP Exception Symfony\Component\HttpKernel\Exception\NotFoundHttpException: "No route found for "GET /hello/"" at /home/edu/Proyectos/miproyecto/Symfony/app/cache/prod/classes.php line 3597 [] []
[2013-04-17 10:39:06] request.ERROR: Uncaught PHP Exception Symfony\Component\HttpKernel\Exception\NotFoundHttpException: "No route found for "GET /hello/"" at /home/edu/Proyectos/miproyecto/Symfony/app/cache/prod/classes.php line 3597 [] []
[2013-04-17 10:39:06] request.ERROR: Uncaught PHP Exception Symfony\Component\HttpKernel\Exception\NotFoundHttpException: "No route found for "GET /hello/"" at /home/edu/Proyectos/miproyecto/Symfony/app/cache/prod/classes.php line 3597 [] []
[2013-04-17 10:39:26] request.ERROR: Uncaught PHP Exception Symfony\Component\HttpKernel\Exception\NotFoundHttpException: "No route found for "GET /hello/"" at /home/edu/Proyectos/miproyecto/Symfony/app/cache/prod/classes.php line 3597 [] []
[2013-04-17 10:39:28] request.ERROR: Uncaught PHP Exception Symfony\Component\HttpKernel\Exception\NotFoundHttpException: "No route found for "GET /hello/"" at /home/edu/Proyectos/miproyecto/Symfony/app/cache/prod/classes.php line 3597 [] []
[2013-04-17 10:39:36] request.ERROR: Uncaught PHP Exception Symfony\Component\HttpKernel\Exception\NotFoundHttpException: "No route found for "GET /hello/"" at /home/edu/Proyectos/miproyecto/Symfony/app/cache/prod/classes.php line 3597 [] []
[2013-04-17 10:39:37] request.ERROR: Uncaught PHP Exception Symfony\Component\HttpKernel\Exception\NotFoundHttpException: "No route found for "GET /hello/"" at /home/edu/Proyectos/miproyecto/Symfony/app/cache/prod/classes.php line 3597 [] []
[2013-04-17 10:39:37] request.ERROR: Uncaught PHP Exception Symfony\Component\HttpKernel\Exception\NotFoundHttpException: "No route found for "GET /hello/"" at /home/edu/Proyectos/miproyecto/Symfony/app/cache/prod/classes.php line 3597 [] []
[2013-04-17 10:39:37] request.ERROR: Uncaught PHP Exception Symfony\Component\HttpKernel\Exception\NotFoundHttpException: "No route found for "GET /hello/"" at /home/edu/Proyectos/miproyecto/Symfony/app/cache/prod/classes.php line 3597 [] []
[2013-04-17 10:39:42] request.ERROR: Uncaught PHP Exception Symfony\Component\HttpKernel\Exception\NotFoundHttpException: "No route found for "GET /hello/"" at /home/edu/Proyectos/miproyecto/Symfony/app/cache/prod/classes.php line 3597 [] []
[2013-04-17 10:39:42] request.ERROR: Uncaught PHP Exception Symfony\Component\HttpKernel\Exception\NotFoundHttpException: "No route found for "GET /hello/"" at /home/edu/Proyectos/miproyecto/Symfony/app/cache/prod/classes.php line 3597 [] []
[2013-04-17 10:39:42] request.ERROR: Uncaught PHP Exception Symfony\Component\HttpKernel\Exception\NotFoundHttpException: "No route found for "GET /hello/"" at /home/edu/Proyectos/miproyecto/Symfony/app/cache/prod/classes.php line 3597 [] []
[2013-04-17 10:39:46] request.ERROR: Uncaught PHP Exception Symfony\Component\HttpKernel\Exception\NotFoundHttpException: "No route found for "GET /hello/"" at /home/edu/Proyectos/miproyecto/Symfony/app/cache/prod/classes.php line 3597 [] []
[2013-04-17 10:39:46] request.ERROR: Uncaught PHP Exception Symfony\Component\HttpKernel\Exception\NotFoundHttpException: "No route found for "GET /hello/"" at /home/edu/Proyectos/miproyecto/Symfony/app/cache/prod/classes.php line 3597 [] []
[2013-04-17 10:39:46] request.ERROR: Uncaught PHP Exception Symfony\Component\HttpKernel\Exception\NotFoundHttpException: "No route found for "GET /hello/"" at /home/edu/Proyectos/miproyecto/Symfony/app/cache/prod/classes.php line 3597 [] []
[2013-04-17 10:40:04] request.INFO: Matched route "persona_homepage" (parameters: "_controller": "Gestor\PersonaBundle\Controller\DefaultController::indexAction", "name": "asdfs", "_route": "persona_homepage") [] []
[2013-04-17 10:40:04] request.CRITICAL: Uncaught PHP Exception Doctrine\ORM\Mapping\MappingException: "Class "Gestor\PersonaBundle\Entity\Persona" is not a valid entity or mapped super class." at /home/edu/Proyectos/miproyecto/Symfony/vendor/doctrine/orm/lib/Doctrine/ORM/Mapping/MappingException.php line 216 [] []
[2013-04-17 10:40:05] request.INFO: Matched route "persona_homepage" (parameters: "_controller": "Gestor\PersonaBundle\Controller\DefaultController::indexAction", "name": "asdfsasdfs", "_route": "persona_homepage") [] []
[2013-04-17 10:40:05] request.CRITICAL: Uncaught PHP Exception Doctrine\ORM\Mapping\MappingException: "Class "Gestor\PersonaBundle\Entity\Persona" is not a valid entity or mapped super class." at /home/edu/Proyectos/miproyecto/Symfony/vendor/doctrine/orm/lib/Doctrine/ORM/Mapping/MappingException.php line 216 [] []
[2013-04-17 10:40:14] request.INFO: Matched route "persona_homepage" (parameters: "_controller": "Gestor\PersonaBundle\Controller\DefaultController::indexAction", "name": "asdfsasdfsasdfs", "_route": "persona_homepage") [] []
[2013-04-17 10:40:14] request.CRITICAL: Uncaught PHP Exception Doctrine\ORM\Mapping\MappingException: "Class "Gestor\PersonaBundle\Entity\Persona" is not a valid entity or mapped super class." at /home/edu/Proyectos/miproyecto/Symfony/vendor/doctrine/orm/lib/Doctrine/ORM/Mapping/MappingException.php line 216 [] []
[2013-04-17 10:40:16] request.INFO: Matched route "persona_homepage" (parameters: "_controller": "Gestor\PersonaBundle\Controller\DefaultController::indexAction", "name": "asdfsasdfsasdfs", "_route": "persona_homepage") [] []
[2013-04-17 10:40:16] request.CRITICAL: Uncaught PHP Exception Doctrine\ORM\Mapping\MappingException: "Class "Gestor\PersonaBundle\Entity\Persona" is not a valid entity or mapped super class." at /home/edu/Proyectos/miproyecto/Symfony/vendor/doctrine/orm/lib/Doctrine/ORM/Mapping/MappingException.php line 216 [] []
[2013-04-17 10:40:26] request.INFO: Matched route "persona_homepage" (parameters: "_controller": "Gestor\PersonaBundle\Controller\DefaultController::indexAction", "name": "asdfsasdfsasdfssdfsasdfs", "_route": "persona_homepage") [] []
[2013-04-17 10:40:26] request.CRITICAL: Uncaught PHP Exception Doctrine\ORM\Mapping\MappingException: "Class "Gestor\PersonaBundle\Entity\Persona" is not a valid entity or mapped super class." at /home/edu/Proyectos/miproyecto/Symfony/vendor/doctrine/orm/lib/Doctrine/ORM/Mapping/MappingException.php line 216 [] []
[2013-04-17 11:07:41] request.INFO: Matched route "persona_homepage" (parameters: "_controller": "Gestor\PersonaBundle\Controller\DefaultController::indexAction", "name": "asdfsasdfsasdfssdfsasdfs", "_route": "persona_homepage") [] []
[2013-04-17 11:07:41] request.CRITICAL: Uncaught PHP Exception Doctrine\ORM\Mapping\MappingException: "Class "Gestor\PersonaBundle\Entity\Persona" is not a valid entity or mapped super class." at /home/edu/Proyectos/miproyecto/Symfony/vendor/doctrine/orm/lib/Doctrine/ORM/Mapping/MappingException.php line 216 [] []
[2013-04-17 11:07:50] request.ERROR: Uncaught PHP Exception Symfony\Component\HttpKernel\Exception\NotFoundHttpException: "No route found for "GET /h"" at /home/edu/Proyectos/miproyecto/Symfony/app/cache/prod/classes.php line 3597 [] []
[2013-04-17 11:07:53] request.ERROR: Uncaught PHP Exception Symfony\Component\HttpKernel\Exception\NotFoundHttpException: "No route found for "GET /prueba"" at /home/edu/Proyectos/miproyecto/Symfony/app/cache/prod/classes.php line 3597 [] []
[2013-04-17 11:08:27] request.ERROR: Uncaught PHP Exception Symfony\Component\HttpKernel\Exception\NotFoundHttpException: "No route found for "GET /prueba"" at /home/edu/Proyectos/miproyecto/Symfony/app/cache/prod/classes.php line 3597 [] []
[2013-04-17 11:08:27] request.ERROR: Uncaught PHP Exception Symfony\Component\HttpKernel\Exception\NotFoundHttpException: "No route found for "GET /prueba"" at /home/edu/Proyectos/miproyecto/Symfony/app/cache/prod/classes.php line 3597 [] []
[2013-04-17 11:08:28] request.ERROR: Uncaught PHP Exception Symfony\Component\HttpKernel\Exception\NotFoundHttpException: "No route found for "GET /prueba"" at /home/edu/Proyectos/miproyecto/Symfony/app/cache/prod/classes.php line 3597 [] []
[2013-04-17 11:08:48] request.ERROR: Uncaught PHP Exception Symfony\Component\HttpKernel\Exception\NotFoundHttpException: "No route found for "GET /prueba"" at /home/edu/Proyectos/miproyecto/Symfony/app/cache/prod/classes.php line 3597 [] []
[2013-04-17 11:09:42] request.ERROR: Uncaught PHP Exception Symfony\Component\HttpKernel\Exception\NotFoundHttpException: "No route found for "GET /prueba"" at /home/edu/Proyectos/miproyecto/Symfony/app/cache/prod/classes.php line 3597 [] []
[2013-04-17 11:09:43] request.ERROR: Uncaught PHP Exception Symfony\Component\HttpKernel\Exception\NotFoundHttpException: "No route found for "GET /prueba"" at /home/edu/Proyectos/miproyecto/Symfony/app/cache/prod/classes.php line 3597 [] []
[2013-04-17 11:09:43] request.ERROR: Uncaught PHP Exception Symfony\Component\HttpKernel\Exception\NotFoundHttpException: "No route found for "GET /prueba"" at /home/edu/Proyectos/miproyecto/Symfony/app/cache/prod/classes.php line 3597 [] []
[2013-04-17 11:10:32] request.ERROR: Uncaught PHP Exception Symfony\Component\HttpKernel\Exception\NotFoundHttpException: "No route found for "GET /prueba/hola"" at /home/edu/Proyectos/miproyecto/Symfony/app/cache/prod/classes.php line 3597 [] []
[2013-04-17 11:10:33] request.ERROR: Uncaught PHP Exception Symfony\Component\HttpKernel\Exception\NotFoundHttpException: "No route found for "GET /prueba/holasds"" at /home/edu/Proyectos/miproyecto/Symfony/app/cache/prod/classes.php line 3597 [] []
[2013-04-17 11:11:27] request.ERROR: Uncaught PHP Exception Symfony\Component\HttpKernel\Exception\NotFoundHttpException: "No route found for "GET /prueba/holasds"" at /home/edu/Proyectos/miproyecto/Symfony/app/cache/prod/classes.php line 3597 [] []
[2013-04-17 11:11:28] request.ERROR: Uncaught PHP Exception Symfony\Component\HttpKernel\Exception\NotFoundHttpException: "No route found for "GET /prueba/holasds"" at /home/edu/Proyectos/miproyecto/Symfony/app/cache/prod/classes.php line 3597 [] []
[2013-04-17 11:11:30] request.ERROR: Uncaught PHP Exception Symfony\Component\HttpKernel\Exception\NotFoundHttpException: "No route found for "GET /prueba/holasds"" at /home/edu/Proyectos/miproyecto/Symfony/app/cache/prod/classes.php line 3597 [] []
[2013-04-17 11:11:31] request.ERROR: Uncaught PHP Exception Symfony\Component\HttpKernel\Exception\NotFoundHttpException: "No route found for "GET /prueba/holasds"" at /home/edu/Proyectos/miproyecto/Symfony/app/cache/prod/classes.php line 3597 [] []
[2013-04-17 11:11:31] request.ERROR: Uncaught PHP Exception Symfony\Component\HttpKernel\Exception\NotFoundHttpException: "No route found for "GET /prueba/holasds"" at /home/edu/Proyectos/miproyecto/Symfony/app/cache/prod/classes.php line 3597 [] []
[2013-04-17 11:11:31] request.ERROR: Uncaught PHP Exception Symfony\Component\HttpKernel\Exception\NotFoundHttpException: "No route found for "GET /prueba/holasds"" at /home/edu/Proyectos/miproyecto/Symfony/app/cache/prod/classes.php line 3597 [] []
[2013-04-17 11:11:32] request.ERROR: Uncaught PHP Exception Symfony\Component\HttpKernel\Exception\NotFoundHttpException: "No route found for "GET /prueba/holasdsasd"" at /home/edu/Proyectos/miproyecto/Symfony/app/cache/prod/classes.php line 3597 [] []
[2013-04-17 11:11:33] request.ERROR: Uncaught PHP Exception Symfony\Component\HttpKernel\Exception\NotFoundHttpException: "No route found for "GET /prueba/holasdsasdasdf."" at /home/edu/Proyectos/miproyecto/Symfony/app/cache/prod/classes.php line 3597 [] []
[2013-04-17 11:11:34] request.ERROR: Uncaught PHP Exception Symfony\Component\HttpKernel\Exception\NotFoundHttpException: "No route found for "GET /prueba/holasdsasdasdf."" at /home/edu/Proyectos/miproyecto/Symfony/app/cache/prod/classes.php line 3597 [] []
[2013-04-17 11:11:35] request.ERROR: Uncaught PHP Exception Symfony\Component\HttpKernel\Exception\NotFoundHttpException: "No route found for "GET /prueba/holasdsasdasdf"" at /home/edu/Proyectos/miproyecto/Symfony/app/cache/prod/classes.php line 3597 [] []
[2013-04-17 11:11:45] request.ERROR: Uncaught PHP Exception Symfony\Component\HttpKernel\Exception\NotFoundHttpException: "No route found for "GET /prueba/holasdsasdasdf"" at /home/edu/Proyectos/miproyecto/Symfony/app/cache/prod/classes.php line 3597 [] []
[2013-04-17 11:11:45] request.ERROR: Uncaught PHP Exception Symfony\Component\HttpKernel\Exception\NotFoundHttpException: "No route found for "GET /prueba/holasdsasdasdf"" at /home/edu/Proyectos/miproyecto/Symfony/app/cache/prod/classes.php line 3597 [] []
[2013-04-17 11:11:46] request.ERROR: Uncaught PHP Exception Symfony\Component\HttpKernel\Exception\NotFoundHttpException: "No route found for "GET /prueba/holasdsasdasdfsds"" at /home/edu/Proyectos/miproyecto/Symfony/app/cache/prod/classes.php line 3597 [] []
[2013-04-17 11:11:48] request.ERROR: Uncaught PHP Exception Symfony\Component\HttpKernel\Exception\NotFoundHttpException: "No route found for "GET /prueba/holasdsasdasdfsds"" at /home/edu/Proyectos/miproyecto/Symfony/app/cache/prod/classes.php line 3597 [] []
[2013-04-17 11:11:50] request.ERROR: Uncaught PHP Exception Symfony\Component\HttpKernel\Exception\NotFoundHttpException: "No route found for "GET /prueba/"" at /home/edu/Proyectos/miproyecto/Symfony/app/cache/prod/classes.php line 3597 [] []
[2013-04-17 11:11:52] request.ERROR: Uncaught PHP Exception Symfony\Component\HttpKernel\Exception\NotFoundHttpException: "No route found for "GET /prueba"" at /home/edu/Proyectos/miproyecto/Symfony/app/cache/prod/classes.php line 3597 [] []
[2013-04-17 11:11:53] request.ERROR: Uncaught PHP Exception Symfony\Component\HttpKernel\Exception\NotFoundHttpException: "No route found for "GET /prueb"" at /home/edu/Proyectos/miproyecto/Symfony/app/cache/prod/classes.php line 3597 [] []
[2013-04-17 11:11:57] request.ERROR: Uncaught PHP Exception Symfony\Component\HttpKernel\Exception\NotFoundHttpException: "No route found for "GET /hola"" at /home/edu/Proyectos/miproyecto/Symfony/app/cache/prod/classes.php line 3597 [] []
[2013-04-17 11:12:24] request.ERROR: Uncaught PHP Exception Symfony\Component\HttpKernel\Exception\NotFoundHttpException: "No route found for "GET /prueba/asdfs"" at /home/edu/Proyectos/miproyecto/Symfony/app/cache/prod/classes.php line 3597 [] []
[2013-04-17 11:12:33] request.ERROR: Uncaught PHP Exception Symfony\Component\HttpKernel\Exception\NotFoundHttpException: "No route found for "GET /prueba/asdfs"" at /home/edu/Proyectos/miproyecto/Symfony/app/cache/prod/classes.php line 3597 [] []
[2013-04-17 11:12:34] request.ERROR: Uncaught PHP Exception Symfony\Component\HttpKernel\Exception\NotFoundHttpException: "No route found for "GET /prueba/asdfs"" at /home/edu/Proyectos/miproyecto/Symfony/app/cache/prod/classes.php line 3597 [] []
[2013-04-17 11:14:42] request.INFO: Matched route "persona_homepage" (parameters: "_controller": "Gestor\PersonaBundle\Controller\DefaultController::indexAction", "name": "asdf", "_route": "persona_homepage") [] []
[2013-04-17 11:14:42] request.CRITICAL: Uncaught PHP Exception InvalidArgumentException: "Method "Gestor\PersonaBundle\Controller\DefaultController::indexAction" does not exist." at /home/edu/Proyectos/miproyecto/Symfony/app/cache/prod/classes.php line 3659 [] []
[2013-04-17 11:16:03] request.ERROR: Uncaught PHP Exception Symfony\Component\HttpKernel\Exception\NotFoundHttpException: "No route found for "GET /hello2/asdf"" at /home/edu/Proyectos/miproyecto/Symfony/app/cache/prod/classes.php line 3597 [] []
[2013-04-17 11:21:48] request.ERROR: Uncaught PHP Exception Symfony\Component\HttpKernel\Exception\NotFoundHttpException: "No route found for "GET /prueba/asdf"" at /home/edu/Proyectos/miproyecto/Symfony/app/cache/prod/classes.php line 3597 [] []
[2013-04-17 21:54:40] request.ERROR: Uncaught PHP Exception Symfony\Component\HttpKernel\Exception\NotFoundHttpException: "No route found for "GET /"" at /home/edu/Proyectos/miproyecto/Symfony/app/cache/prod/classes.php line 3597 [] []
